

 >> >> >> Nuova connessione - Modalità Client - 16/10/15 00:24.48 << << << 

Indirizzo: 10.0.1.6 - 10.0.1.6
Porta: 4036



 >> >> >> Nuova connessione - Modalità Server - 16/10/15 00:24:02 << << << 

Porta: 4036

<Andrea> ciao
<Andrea> ciao
<Bisa> aooo
<Bisa> aooo


 >> >> >> Nuova connessione - Modalità Client - 16/10/15 00:27.19 << << << 

Indirizzo: 151.42.85.248 - 151.42.85.248
Porta: 4036



 >> >> >> Nuova connessione - Modalità Server - 16/10/15 00:27:02 << << << 

Porta: 4036

<Andrea> prova
<Andrea> prova
<Bisa> aa
<Bisa> aa


 >> >> >> Nuova connessione - Modalità Server - 16/10/15 00:28:02 << << << 

Porta: 4036

hey<Andrea> prova
heymacchèfigooooo<Andrea> 
<Andrea> 
<Andrea> 
<Andrea> 
<Andrea> /close
<Andrea> /exit
<Andrea> 
<Andrea> 
<Andrea> 

Connessione chiusa. 20 bytes ricevuti e 106 bytes inviati

